2016-01-30_12:30:18.748 [JavaFX Application Thread] INFO  dev.rapid.util.MessageHelper -
				Start initProperties method
2016-01-30_12:30:18.752 [JavaFX Application Thread] INFO  dev.rapid.util.MessageHelper -
				Read properties file: messages.properties
2016-01-30_12:30:18.753 [JavaFX Application Thread] INFO  dev.rapid.util.MessageHelper -
				Finish initProperties method
2016-01-30_12:30:18.753 [JavaFX Application Thread] INFO  dev.rapid.util.MessageHelper -
				Value for form.customer.new.title is Tạo mới thông tin khách hàng
2016-01-30_12:32:26.456 [JavaFX Application Thread] INFO  dev.rapid.util.MessageHelper -
				Start initProperties method
2016-01-30_12:32:26.460 [JavaFX Application Thread] INFO  dev.rapid.util.MessageHelper -
				Read properties file: messages.properties
2016-01-30_12:32:26.461 [JavaFX Application Thread] INFO  dev.rapid.util.MessageHelper -
				Finish initProperties method
2016-01-30_12:32:26.461 [JavaFX Application Thread] INFO  dev.rapid.util.MessageHelper -
				Value for form.customer.new.title is Tạo mới thông tin khách hàng
2016-01-31_18:05:59.762 [JavaFX Application Thread] INFO  dev.rapid.util.MessageHelper -
				Start initProperties method
2016-01-31_18:05:59.788 [JavaFX Application Thread] INFO  dev.rapid.util.MessageHelper -
				Read properties file: messages.properties
2016-01-31_18:05:59.791 [JavaFX Application Thread] INFO  dev.rapid.util.MessageHelper -
				Finish initProperties method
2016-01-31_18:05:59.791 [JavaFX Application Thread] INFO  dev.rapid.util.MessageHelper -
				Value for form.customer.new.title is Tạo mới thông tin khách hàng
2016-01-31_22:26:59.633 [JavaFX Application Thread] INFO  dev.rapid.util.MessageHelper -
				Start initProperties method
2016-01-31_22:26:59.638 [JavaFX Application Thread] INFO  dev.rapid.util.MessageHelper -
				Read properties file: messages.properties
2016-01-31_22:26:59.643 [JavaFX Application Thread] INFO  dev.rapid.util.MessageHelper -
				Finish initProperties method
2016-01-31_22:26:59.643 [JavaFX Application Thread] INFO  dev.rapid.util.MessageHelper -
				Value for form.customer.new.title is Tạo mới thông tin khách hàng
2016-01-31_22:27:05.089 [JavaFX Application Thread] INFO  dev.rapid.util.MessageHelper -
				Value for form.customer.new.title is Tạo mới thông tin khách hàng
2016-01-31_22:27:05.855 [JavaFX Application Thread] INFO  dev.rapid.util.MessageHelper -
				Value for form.customer.new.title is Tạo mới thông tin khách hàng
2016-01-31_22:27:06.579 [JavaFX Application Thread] INFO  dev.rapid.util.MessageHelper -
				Value for form.customer.new.title is Tạo mới thông tin khách hàng
2016-01-31_22:27:07.430 [JavaFX Application Thread] INFO  dev.rapid.util.MessageHelper -
				Value for form.customer.new.title is Tạo mới thông tin khách hàng
2016-01-31_22:27:08.192 [JavaFX Application Thread] INFO  dev.rapid.util.MessageHelper -
				Value for form.customer.new.title is Tạo mới thông tin khách hàng
2016-01-31_22:27:09.639 [JavaFX Application Thread] INFO  dev.rapid.util.MessageHelper -
				Value for form.customer.new.title is Tạo mới thông tin khách hàng
2016-01-31_22:27:17.918 [JavaFX Application Thread] INFO  dev.rapid.util.MessageHelper -
				Value for form.customer.new.title is Tạo mới thông tin khách hàng
2016-01-31_22:27:18.703 [JavaFX Application Thread] INFO  dev.rapid.util.MessageHelper -
				Value for form.customer.new.title is Tạo mới thông tin khách hàng
2016-01-31_22:27:19.361 [JavaFX Application Thread] INFO  dev.rapid.util.MessageHelper -
				Value for form.customer.new.title is Tạo mới thông tin khách hàng
2016-01-31_22:27:19.886 [JavaFX Application Thread] INFO  dev.rapid.util.MessageHelper -
				Value for form.customer.new.title is Tạo mới thông tin khách hàng
2016-01-31_22:27:20.407 [JavaFX Application Thread] INFO  dev.rapid.util.MessageHelper -
				Value for form.customer.new.title is Tạo mới thông tin khách hàng
2016-01-31_22:27:20.833 [JavaFX Application Thread] INFO  dev.rapid.util.MessageHelper -
				Value for form.customer.new.title is Tạo mới thông tin khách hàng
2016-01-31_22:27:21.187 [JavaFX Application Thread] INFO  dev.rapid.util.MessageHelper -
				Value for form.customer.new.title is Tạo mới thông tin khách hàng
2016-01-31_22:27:21.362 [JavaFX Application Thread] INFO  dev.rapid.util.MessageHelper -
				Value for form.customer.new.title is Tạo mới thông tin khách hàng
2016-01-31_22:27:21.538 [JavaFX Application Thread] INFO  dev.rapid.util.MessageHelper -
				Value for form.customer.new.title is Tạo mới thông tin khách hàng
2016-01-31_22:27:21.701 [JavaFX Application Thread] INFO  dev.rapid.util.MessageHelper -
				Value for form.customer.new.title is Tạo mới thông tin khách hàng
2016-01-31_22:27:21.868 [JavaFX Application Thread] INFO  dev.rapid.util.MessageHelper -
				Value for form.customer.new.title is Tạo mới thông tin khách hàng
2016-01-31_22:27:22.023 [JavaFX Application Thread] INFO  dev.rapid.util.MessageHelper -
				Value for form.customer.new.title is Tạo mới thông tin khách hàng
2016-01-31_22:27:22.165 [JavaFX Application Thread] INFO  dev.rapid.util.MessageHelper -
				Value for form.customer.new.title is Tạo mới thông tin khách hàng
2016-01-31_22:27:22.310 [JavaFX Application Thread] INFO  dev.rapid.util.MessageHelper -
				Value for form.customer.new.title is Tạo mới thông tin khách hàng
2016-01-31_22:27:22.488 [JavaFX Application Thread] INFO  dev.rapid.util.MessageHelper -
				Value for form.customer.new.title is Tạo mới thông tin khách hàng
